[0.263s] DEBUG:colcon:Command line arguments: ['/usr/bin/colcon', 'build']
[0.263s] DEBUG:colcon:Parsed command line arguments: Namespace(allow_overriding=[], ament_cmake_args=None, base_paths=['.'], build_base='build', catkin_cmake_args=None, catkin_skip_building_tests=False, cmake_args=None, cmake_clean_cache=False, cmake_clean_first=False, cmake_force_configure=False, cmake_target=None, cmake_target_skip_unavailable=False, continue_on_error=False, event_handlers=None, executor='parallel', ignore_user_meta=False, install_base='install', log_base=None, log_level=None, main=<bound method BuildVerb.main of <colcon_core.verb.build.BuildVerb object at 0x7f939d4e5b80>>, merge_install=False, metas=['./colcon.meta'], packages_above=None, packages_above_and_dependencies=None, packages_above_depth=None, packages_end=None, packages_ignore=None, packages_ignore_regex=None, packages_select=None, packages_select_build_failed=False, packages_select_by_dep=None, packages_select_regex=None, packages_select_test_failures=False, packages_skip=None, packages_skip_build_finished=False, packages_skip_by_dep=None, packages_skip_regex=None, packages_skip_test_passed=False, packages_skip_up_to=None, packages_start=None, packages_up_to=None, packages_up_to_regex=None, parallel_workers=16, paths=None, symlink_install=False, test_result_base=None, verb_extension=<colcon_core.verb.build.BuildVerb object at 0x7f939d4e5b80>, verb_name='build', verb_parser=<colcon_defaults.argument_parser.defaults.DefaultArgumentsDecorator object at 0x7f939d3f59a0>)
[0.297s] Level 1:colcon.colcon_core.package_discovery:discover_packages(colcon_meta) check parameters
[0.297s] Level 1:colcon.colcon_core.package_discovery:discover_packages(recursive) check parameters
[0.298s] Level 1:colcon.colcon_core.package_discovery:discover_packages(ignore) check parameters
[0.298s] Level 1:colcon.colcon_core.package_discovery:discover_packages(path) check parameters
[0.298s] Level 1:colcon.colcon_core.package_discovery:discover_packages(colcon_meta) discover
[0.298s] Level 1:colcon.colcon_core.package_discovery:discover_packages(recursive) discover
[0.298s] INFO:colcon.colcon_core.package_discovery:Crawling recursively for packages in '/home/jbarmagen/Dev/PROJECTS/VOJEXT/ROS2/vojext_msgs'
[0.298s] Level 1:colcon.colcon_core.package_identification:_identify(.) by extensions ['ignore', 'ignore_ament_install']
[0.298s] Level 1:colcon.colcon_core.package_identification:_identify(.) by extension 'ignore'
[0.298s] Level 1:colcon.colcon_core.package_identification:_identify(.) by extension 'ignore_ament_install'
[0.298s] Level 1:colcon.colcon_core.package_identification:_identify(.) by extensions ['colcon_pkg']
[0.298s] Level 1:colcon.colcon_core.package_identification:_identify(.) by extension 'colcon_pkg'
[0.298s] Level 1:colcon.colcon_core.package_identification:_identify(.) by extensions ['colcon_meta']
[0.298s] Level 1:colcon.colcon_core.package_identification:_identify(.) by extension 'colcon_meta'
[0.298s] Level 1:colcon.colcon_core.package_identification:_identify(.) by extensions ['ros']
[0.298s] Level 1:colcon.colcon_core.package_identification:_identify(.) by extension 'ros'
[0.314s] DEBUG:colcon.colcon_core.package_identification:Package '.' with type 'ros.ament_cmake' and name 'vojext_msgs'
[0.314s] Level 1:colcon.colcon_core.package_discovery:discover_packages(recursive) using defaults
[0.314s] Level 1:colcon.colcon_core.package_discovery:discover_packages(ignore) discover
[0.314s] Level 1:colcon.colcon_core.package_discovery:discover_packages(ignore) using defaults
[0.314s] Level 1:colcon.colcon_core.package_discovery:discover_packages(path) discover
[0.314s] Level 1:colcon.colcon_core.package_discovery:discover_packages(path) using defaults
[0.329s] Level 1:colcon.colcon_core.package_discovery:discover_packages(prefix_path) check parameters
[0.329s] Level 1:colcon.colcon_core.package_discovery:discover_packages(prefix_path) discover
[0.331s] DEBUG:colcon.colcon_installed_package_information.package_discovery:Found 1 installed packages in /home/jbarmagen/Dev/PROJECTS/VOJEXT/ROS2/vision_msgs/install
[0.332s] DEBUG:colcon.colcon_installed_package_information.package_discovery:Found 180 installed packages in /opt/ros/galactic
[0.333s] Level 1:colcon.colcon_core.package_discovery:discover_packages(prefix_path) using defaults
[0.359s] Level 5:colcon.colcon_core.verb:set package 'vojext_msgs' build argument 'cmake_args' from command line to 'None'
[0.359s] Level 5:colcon.colcon_core.verb:set package 'vojext_msgs' build argument 'cmake_target' from command line to 'None'
[0.359s] Level 5:colcon.colcon_core.verb:set package 'vojext_msgs' build argument 'cmake_target_skip_unavailable' from command line to 'False'
[0.359s] Level 5:colcon.colcon_core.verb:set package 'vojext_msgs' build argument 'cmake_clean_cache' from command line to 'False'
[0.359s] Level 5:colcon.colcon_core.verb:set package 'vojext_msgs' build argument 'cmake_clean_first' from command line to 'False'
[0.359s] Level 5:colcon.colcon_core.verb:set package 'vojext_msgs' build argument 'cmake_force_configure' from command line to 'False'
[0.359s] Level 5:colcon.colcon_core.verb:set package 'vojext_msgs' build argument 'ament_cmake_args' from command line to 'None'
[0.359s] Level 5:colcon.colcon_core.verb:set package 'vojext_msgs' build argument 'catkin_cmake_args' from command line to 'None'
[0.359s] Level 5:colcon.colcon_core.verb:set package 'vojext_msgs' build argument 'catkin_skip_building_tests' from command line to 'False'
[0.359s] DEBUG:colcon.colcon_core.verb:Building package 'vojext_msgs' with the following arguments: {'ament_cmake_args': None, 'build_base': '/home/jbarmagen/Dev/PROJECTS/VOJEXT/ROS2/vojext_msgs/build/vojext_msgs', 'catkin_cmake_args': None, 'catkin_skip_building_tests': False, 'cmake_args': None, 'cmake_clean_cache': False, 'cmake_clean_first': False, 'cmake_force_configure': False, 'cmake_target': None, 'cmake_target_skip_unavailable': False, 'install_base': '/home/jbarmagen/Dev/PROJECTS/VOJEXT/ROS2/vojext_msgs/install/vojext_msgs', 'merge_install': False, 'path': '/home/jbarmagen/Dev/PROJECTS/VOJEXT/ROS2/vojext_msgs', 'symlink_install': False, 'test_result_base': None}
[0.360s] INFO:colcon.colcon_core.executor:Executing jobs using 'parallel' executor
[0.364s] DEBUG:colcon.colcon_parallel_executor.executor.parallel:run_until_complete
[0.364s] INFO:colcon.colcon_ros.task.ament_cmake.build:Building ROS package in '/home/jbarmagen/Dev/PROJECTS/VOJEXT/ROS2/vojext_msgs' with build type 'ament_cmake'
[0.364s] INFO:colcon.colcon_cmake.task.cmake.build:Building CMake package in '/home/jbarmagen/Dev/PROJECTS/VOJEXT/ROS2/vojext_msgs'
[0.368s] INFO:colcon.colcon_core.plugin_system:Skipping extension 'colcon_core.shell.bat': Not used on non-Windows systems
[0.368s] INFO:colcon.colcon_core.shell:Skip shell extension 'powershell' for command environment: Not usable outside of PowerShell
[0.368s] DEBUG:colcon.colcon_core.shell:Skip shell extension 'dsv' for command environment
[0.376s] DEBUG:colcon.colcon_core.event_handler.log_command:Invoking command in '/home/jbarmagen/Dev/PROJECTS/VOJEXT/ROS2/vojext_msgs/build/vojext_msgs': CMAKE_PREFIX_PATH=${CMAKE_PREFIX_PATH}:/opt/ros/galactic /usr/bin/cmake /home/jbarmagen/Dev/PROJECTS/VOJEXT/ROS2/vojext_msgs -DCMAKE_INSTALL_PREFIX=/home/jbarmagen/Dev/PROJECTS/VOJEXT/ROS2/vojext_msgs/install/vojext_msgs
[2.252s] DEBUG:colcon.colcon_core.event_handler.log_command:Invoked command in '/home/jbarmagen/Dev/PROJECTS/VOJEXT/ROS2/vojext_msgs/build/vojext_msgs' returned '0': CMAKE_PREFIX_PATH=${CMAKE_PREFIX_PATH}:/opt/ros/galactic /usr/bin/cmake /home/jbarmagen/Dev/PROJECTS/VOJEXT/ROS2/vojext_msgs -DCMAKE_INSTALL_PREFIX=/home/jbarmagen/Dev/PROJECTS/VOJEXT/ROS2/vojext_msgs/install/vojext_msgs
[2.254s] DEBUG:colcon.colcon_core.event_handler.log_command:Invoking command in '/home/jbarmagen/Dev/PROJECTS/VOJEXT/ROS2/vojext_msgs/build/vojext_msgs': CMAKE_PREFIX_PATH=${CMAKE_PREFIX_PATH}:/opt/ros/galactic /usr/bin/cmake --build /home/jbarmagen/Dev/PROJECTS/VOJEXT/ROS2/vojext_msgs/build/vojext_msgs -- -j16 -l16
[10.260s] DEBUG:colcon.colcon_core.event_handler.log_command:Invoked command in '/home/jbarmagen/Dev/PROJECTS/VOJEXT/ROS2/vojext_msgs/build/vojext_msgs' returned '0': CMAKE_PREFIX_PATH=${CMAKE_PREFIX_PATH}:/opt/ros/galactic /usr/bin/cmake --build /home/jbarmagen/Dev/PROJECTS/VOJEXT/ROS2/vojext_msgs/build/vojext_msgs -- -j16 -l16
[10.541s] DEBUG:colcon.colcon_core.event_handler.log_command:Invoking command in '/home/jbarmagen/Dev/PROJECTS/VOJEXT/ROS2/vojext_msgs/build/vojext_msgs': CMAKE_PREFIX_PATH=${CMAKE_PREFIX_PATH}:/opt/ros/galactic /usr/bin/cmake --install /home/jbarmagen/Dev/PROJECTS/VOJEXT/ROS2/vojext_msgs/build/vojext_msgs
[10.619s] Level 1:colcon.colcon_core.environment:create_environment_scripts_only(vojext_msgs)
[10.619s] DEBUG:colcon.colcon_core.event_handler.log_command:Invoked command in '/home/jbarmagen/Dev/PROJECTS/VOJEXT/ROS2/vojext_msgs/build/vojext_msgs' returned '0': CMAKE_PREFIX_PATH=${CMAKE_PREFIX_PATH}:/opt/ros/galactic /usr/bin/cmake --install /home/jbarmagen/Dev/PROJECTS/VOJEXT/ROS2/vojext_msgs/build/vojext_msgs
[10.624s] Level 1:colcon.colcon_core.environment:checking '/home/jbarmagen/Dev/PROJECTS/VOJEXT/ROS2/vojext_msgs/install/vojext_msgs' for CMake module files
[10.624s] Level 1:colcon.colcon_core.environment:checking '/home/jbarmagen/Dev/PROJECTS/VOJEXT/ROS2/vojext_msgs/install/vojext_msgs' for CMake config files
[10.624s] Level 1:colcon.colcon_core.shell:create_environment_hook('vojext_msgs', 'cmake_prefix_path')
[10.626s] INFO:colcon.colcon_core.shell:Creating environment hook '/home/jbarmagen/Dev/PROJECTS/VOJEXT/ROS2/vojext_msgs/install/vojext_msgs/share/vojext_msgs/hook/cmake_prefix_path.ps1'
[10.626s] INFO:colcon.colcon_core.shell:Creating environment descriptor '/home/jbarmagen/Dev/PROJECTS/VOJEXT/ROS2/vojext_msgs/install/vojext_msgs/share/vojext_msgs/hook/cmake_prefix_path.dsv'
[10.626s] INFO:colcon.colcon_core.shell:Creating environment hook '/home/jbarmagen/Dev/PROJECTS/VOJEXT/ROS2/vojext_msgs/install/vojext_msgs/share/vojext_msgs/hook/cmake_prefix_path.sh'
[10.627s] Level 1:colcon.colcon_core.environment:checking '/home/jbarmagen/Dev/PROJECTS/VOJEXT/ROS2/vojext_msgs/install/vojext_msgs/lib'
[10.627s] Level 1:colcon.colcon_core.shell:create_environment_hook('vojext_msgs', 'ld_library_path_lib')
[10.629s] INFO:colcon.colcon_core.shell:Creating environment hook '/home/jbarmagen/Dev/PROJECTS/VOJEXT/ROS2/vojext_msgs/install/vojext_msgs/share/vojext_msgs/hook/ld_library_path_lib.ps1'
[10.629s] INFO:colcon.colcon_core.shell:Creating environment descriptor '/home/jbarmagen/Dev/PROJECTS/VOJEXT/ROS2/vojext_msgs/install/vojext_msgs/share/vojext_msgs/hook/ld_library_path_lib.dsv'
[10.629s] INFO:colcon.colcon_core.shell:Creating environment hook '/home/jbarmagen/Dev/PROJECTS/VOJEXT/ROS2/vojext_msgs/install/vojext_msgs/share/vojext_msgs/hook/ld_library_path_lib.sh'
[10.629s] Level 1:colcon.colcon_core.environment:checking '/home/jbarmagen/Dev/PROJECTS/VOJEXT/ROS2/vojext_msgs/install/vojext_msgs/bin'
[10.629s] Level 1:colcon.colcon_core.environment:checking '/home/jbarmagen/Dev/PROJECTS/VOJEXT/ROS2/vojext_msgs/install/vojext_msgs/lib/pkgconfig/vojext_msgs.pc'
[10.629s] Level 1:colcon.colcon_core.environment:checking '/home/jbarmagen/Dev/PROJECTS/VOJEXT/ROS2/vojext_msgs/install/vojext_msgs/lib/python3.8/site-packages'
[10.629s] Level 1:colcon.colcon_core.shell:create_environment_hook('vojext_msgs', 'pythonpath')
[10.631s] INFO:colcon.colcon_core.shell:Creating environment hook '/home/jbarmagen/Dev/PROJECTS/VOJEXT/ROS2/vojext_msgs/install/vojext_msgs/share/vojext_msgs/hook/pythonpath.ps1'
[10.631s] INFO:colcon.colcon_core.shell:Creating environment descriptor '/home/jbarmagen/Dev/PROJECTS/VOJEXT/ROS2/vojext_msgs/install/vojext_msgs/share/vojext_msgs/hook/pythonpath.dsv'
[10.631s] INFO:colcon.colcon_core.shell:Creating environment hook '/home/jbarmagen/Dev/PROJECTS/VOJEXT/ROS2/vojext_msgs/install/vojext_msgs/share/vojext_msgs/hook/pythonpath.sh'
[10.631s] Level 1:colcon.colcon_core.environment:checking '/home/jbarmagen/Dev/PROJECTS/VOJEXT/ROS2/vojext_msgs/install/vojext_msgs/bin'
[10.633s] INFO:colcon.colcon_core.shell:Creating package script '/home/jbarmagen/Dev/PROJECTS/VOJEXT/ROS2/vojext_msgs/install/vojext_msgs/share/vojext_msgs/package.ps1'
[10.633s] INFO:colcon.colcon_core.shell:Creating package descriptor '/home/jbarmagen/Dev/PROJECTS/VOJEXT/ROS2/vojext_msgs/install/vojext_msgs/share/vojext_msgs/package.dsv'
[10.634s] INFO:colcon.colcon_core.shell:Creating package script '/home/jbarmagen/Dev/PROJECTS/VOJEXT/ROS2/vojext_msgs/install/vojext_msgs/share/vojext_msgs/package.sh'
[10.634s] INFO:colcon.colcon_core.shell:Creating package script '/home/jbarmagen/Dev/PROJECTS/VOJEXT/ROS2/vojext_msgs/install/vojext_msgs/share/vojext_msgs/package.bash'
[10.635s] INFO:colcon.colcon_core.shell:Creating package script '/home/jbarmagen/Dev/PROJECTS/VOJEXT/ROS2/vojext_msgs/install/vojext_msgs/share/vojext_msgs/package.zsh'
[10.635s] Level 1:colcon.colcon_core.environment:create_file_with_runtime_dependencies(/home/jbarmagen/Dev/PROJECTS/VOJEXT/ROS2/vojext_msgs/install/vojext_msgs/share/colcon-core/packages/vojext_msgs)
[10.910s] Level 1:colcon.colcon_core.environment:create_environment_scripts_only(vojext_msgs)
[10.913s] Level 1:colcon.colcon_core.environment:checking '/home/jbarmagen/Dev/PROJECTS/VOJEXT/ROS2/vojext_msgs/install/vojext_msgs' for CMake module files
[10.913s] Level 1:colcon.colcon_core.environment:checking '/home/jbarmagen/Dev/PROJECTS/VOJEXT/ROS2/vojext_msgs/install/vojext_msgs' for CMake config files
[10.913s] Level 1:colcon.colcon_core.shell:create_environment_hook('vojext_msgs', 'cmake_prefix_path')
[10.915s] INFO:colcon.colcon_core.shell:Creating environment hook '/home/jbarmagen/Dev/PROJECTS/VOJEXT/ROS2/vojext_msgs/install/vojext_msgs/share/vojext_msgs/hook/cmake_prefix_path.ps1'
[10.915s] INFO:colcon.colcon_core.shell:Creating environment descriptor '/home/jbarmagen/Dev/PROJECTS/VOJEXT/ROS2/vojext_msgs/install/vojext_msgs/share/vojext_msgs/hook/cmake_prefix_path.dsv'
[10.915s] INFO:colcon.colcon_core.shell:Creating environment hook '/home/jbarmagen/Dev/PROJECTS/VOJEXT/ROS2/vojext_msgs/install/vojext_msgs/share/vojext_msgs/hook/cmake_prefix_path.sh'
[10.916s] Level 1:colcon.colcon_core.environment:checking '/home/jbarmagen/Dev/PROJECTS/VOJEXT/ROS2/vojext_msgs/install/vojext_msgs/lib'
[10.916s] Level 1:colcon.colcon_core.shell:create_environment_hook('vojext_msgs', 'ld_library_path_lib')
[10.917s] INFO:colcon.colcon_core.shell:Creating environment hook '/home/jbarmagen/Dev/PROJECTS/VOJEXT/ROS2/vojext_msgs/install/vojext_msgs/share/vojext_msgs/hook/ld_library_path_lib.ps1'
[10.917s] INFO:colcon.colcon_core.shell:Creating environment descriptor '/home/jbarmagen/Dev/PROJECTS/VOJEXT/ROS2/vojext_msgs/install/vojext_msgs/share/vojext_msgs/hook/ld_library_path_lib.dsv'
[10.918s] INFO:colcon.colcon_core.shell:Creating environment hook '/home/jbarmagen/Dev/PROJECTS/VOJEXT/ROS2/vojext_msgs/install/vojext_msgs/share/vojext_msgs/hook/ld_library_path_lib.sh'
[10.918s] Level 1:colcon.colcon_core.environment:checking '/home/jbarmagen/Dev/PROJECTS/VOJEXT/ROS2/vojext_msgs/install/vojext_msgs/bin'
[10.918s] Level 1:colcon.colcon_core.environment:checking '/home/jbarmagen/Dev/PROJECTS/VOJEXT/ROS2/vojext_msgs/install/vojext_msgs/lib/pkgconfig/vojext_msgs.pc'
[10.918s] Level 1:colcon.colcon_core.environment:checking '/home/jbarmagen/Dev/PROJECTS/VOJEXT/ROS2/vojext_msgs/install/vojext_msgs/lib/python3.8/site-packages'
[10.918s] Level 1:colcon.colcon_core.shell:create_environment_hook('vojext_msgs', 'pythonpath')
[10.920s] INFO:colcon.colcon_core.shell:Creating environment hook '/home/jbarmagen/Dev/PROJECTS/VOJEXT/ROS2/vojext_msgs/install/vojext_msgs/share/vojext_msgs/hook/pythonpath.ps1'
[10.920s] INFO:colcon.colcon_core.shell:Creating environment descriptor '/home/jbarmagen/Dev/PROJECTS/VOJEXT/ROS2/vojext_msgs/install/vojext_msgs/share/vojext_msgs/hook/pythonpath.dsv'
[10.920s] INFO:colcon.colcon_core.shell:Creating environment hook '/home/jbarmagen/Dev/PROJECTS/VOJEXT/ROS2/vojext_msgs/install/vojext_msgs/share/vojext_msgs/hook/pythonpath.sh'
[10.920s] Level 1:colcon.colcon_core.environment:checking '/home/jbarmagen/Dev/PROJECTS/VOJEXT/ROS2/vojext_msgs/install/vojext_msgs/bin'
[10.922s] INFO:colcon.colcon_core.shell:Creating package script '/home/jbarmagen/Dev/PROJECTS/VOJEXT/ROS2/vojext_msgs/install/vojext_msgs/share/vojext_msgs/package.ps1'
[10.922s] INFO:colcon.colcon_core.shell:Creating package descriptor '/home/jbarmagen/Dev/PROJECTS/VOJEXT/ROS2/vojext_msgs/install/vojext_msgs/share/vojext_msgs/package.dsv'
[10.923s] INFO:colcon.colcon_core.shell:Creating package script '/home/jbarmagen/Dev/PROJECTS/VOJEXT/ROS2/vojext_msgs/install/vojext_msgs/share/vojext_msgs/package.sh'
[10.923s] INFO:colcon.colcon_core.shell:Creating package script '/home/jbarmagen/Dev/PROJECTS/VOJEXT/ROS2/vojext_msgs/install/vojext_msgs/share/vojext_msgs/package.bash'
[10.923s] INFO:colcon.colcon_core.shell:Creating package script '/home/jbarmagen/Dev/PROJECTS/VOJEXT/ROS2/vojext_msgs/install/vojext_msgs/share/vojext_msgs/package.zsh'
[10.923s] Level 1:colcon.colcon_core.environment:create_file_with_runtime_dependencies(/home/jbarmagen/Dev/PROJECTS/VOJEXT/ROS2/vojext_msgs/install/vojext_msgs/share/colcon-core/packages/vojext_msgs)
[10.923s] DEBUG:colcon.colcon_parallel_executor.executor.parallel:closing loop
[10.924s] DEBUG:colcon.colcon_parallel_executor.executor.parallel:loop closed
[10.924s] DEBUG:colcon.colcon_parallel_executor.executor.parallel:run_until_complete finished with '0'
[10.924s] DEBUG:colcon.colcon_core.event_reactor:joining thread
[10.927s] INFO:colcon.colcon_core.plugin_system:Skipping extension 'colcon_notification.desktop_notification.terminal_notifier': Not used on non-Darwin systems
[10.927s] INFO:colcon.colcon_core.plugin_system:Skipping extension 'colcon_notification.desktop_notification.win32': Not used on non-Windows systems
[10.927s] INFO:colcon.colcon_notification.desktop_notification:Sending desktop notification using 'notify2'
[10.934s] DEBUG:colcon.colcon_core.event_reactor:joined thread
[10.936s] INFO:colcon.colcon_core.shell:Creating prefix script '/home/jbarmagen/Dev/PROJECTS/VOJEXT/ROS2/vojext_msgs/install/local_setup.ps1'
[10.936s] INFO:colcon.colcon_core.shell:Creating prefix util module '/home/jbarmagen/Dev/PROJECTS/VOJEXT/ROS2/vojext_msgs/install/_local_setup_util_ps1.py'
[10.937s] INFO:colcon.colcon_core.shell:Creating prefix chain script '/home/jbarmagen/Dev/PROJECTS/VOJEXT/ROS2/vojext_msgs/install/setup.ps1'
[10.938s] INFO:colcon.colcon_core.shell:Creating prefix script '/home/jbarmagen/Dev/PROJECTS/VOJEXT/ROS2/vojext_msgs/install/local_setup.sh'
[10.938s] INFO:colcon.colcon_core.shell:Creating prefix util module '/home/jbarmagen/Dev/PROJECTS/VOJEXT/ROS2/vojext_msgs/install/_local_setup_util_sh.py'
[10.938s] INFO:colcon.colcon_core.shell:Creating prefix chain script '/home/jbarmagen/Dev/PROJECTS/VOJEXT/ROS2/vojext_msgs/install/setup.sh'
[10.940s] INFO:colcon.colcon_core.shell:Creating prefix script '/home/jbarmagen/Dev/PROJECTS/VOJEXT/ROS2/vojext_msgs/install/local_setup.bash'
[10.940s] INFO:colcon.colcon_core.shell:Creating prefix chain script '/home/jbarmagen/Dev/PROJECTS/VOJEXT/ROS2/vojext_msgs/install/setup.bash'
[10.941s] INFO:colcon.colcon_core.shell:Creating prefix script '/home/jbarmagen/Dev/PROJECTS/VOJEXT/ROS2/vojext_msgs/install/local_setup.zsh'
[10.941s] INFO:colcon.colcon_core.shell:Creating prefix chain script '/home/jbarmagen/Dev/PROJECTS/VOJEXT/ROS2/vojext_msgs/install/setup.zsh'
